\BOOKMARK [1][-]{section*.2}{G\351n\351ralit\351s}{}% 1
\BOOKMARK [2][-]{section*.3}{Les examens professionnels}{section*.2}% 2
\BOOKMARK [2][-]{section*.5}{L'ICA et les accr\351ditations d'examens professionnels}{section*.2}% 3
\BOOKMARK [2][-]{section*.7}{Les cr\351dits VEE}{section*.2}% 4
\BOOKMARK [2][-]{section*.8}{Alternatives et compl\351ments aux manuels}{section*.2}% 5
\BOOKMARK [1][-]{section*.9}{Les examens pr\351liminaires \(partie I\) - Communs SOA et CAS}{}% 6
\BOOKMARK [2][-]{section*.10}{Examen P/1}{section*.9}% 7
\BOOKMARK [2][-]{section*.11}{Examen FM/2}{section*.9}% 8
\BOOKMARK [2][-]{section*.12}{Examen IFM/3F \(Anciennement MFE\)}{section*.9}% 9
\BOOKMARK [1][-]{section*.13}{Les examens pr\351liminaires \(partie II\) - C\364t\351 SOA}{}% 10
\BOOKMARK [2][-]{section*.14}{Examen STAM \(Anciennement C\)}{section*.13}% 11
\BOOKMARK [2][-]{section*.15}{Examen LTAM \(Anciennement MLC\)}{section*.13}% 12
\BOOKMARK [2][-]{section*.16}{Examen SRM}{section*.13}% 13
\BOOKMARK [2][-]{section*.17}{Examen PA}{section*.13}% 14
\BOOKMARK [1][-]{section*.18}{Les examens pr\351liminaires \(partie II\) - C\364t\351 CAS}{}% 15
\BOOKMARK [2][-]{section*.19}{Examen MAS-I \(Anciennement S\)}{section*.18}% 16
\BOOKMARK [2][-]{section*.20}{Examen MAS-II \(Anciennement C\)}{section*.18}% 17
\BOOKMARK [2][-]{section*.21}{Examen 5}{section*.18}% 18
\BOOKMARK [2][-]{section*.22}{Examen 6}{section*.18}% 19
\BOOKMARK [1][-]{section*.23}{Autres informations}{}% 20
\BOOKMARK [2][-]{section*.24}{Liens utiles}{section*.23}% 21
\BOOKMARK [2][-]{section*.25}{Changements aux pr\351requis pour devenir Associ\351}{section*.23}% 22
\BOOKMARK [1][-]{section*.30}{Annexes}{}% 23
\BOOKMARK [2][-]{section*.31}{Proc\351dure pour l'inscription aux examens pr\351liminaires}{section*.30}% 24
\BOOKMARK [2][-]{section*.32}{Proc\351dure pour r\351clamer les cr\351dits VEE \(SOA et CAS\)}{section*.30}% 25
\BOOKMARK [2][-]{section*.33}{Proc\351dure pour r\351clamer une accr\351ditation d'examen professionnel de l'ICA}{section*.30}% 26
\BOOKMARK [2][-]{section*.34}{Foire aux questions}{section*.30}% 27
